<?xml version="1.0" encoding="UTF-8"?>
<coverage generated="1542742987193" clover="3.2.0">
  <project timestamp="1542742987193" name="All files">
    <metrics statements="117" coveredstatements="1" conditionals="93" coveredconditionals="0" methods="46" coveredmethods="0" elements="256" coveredelements="1" complexity="0" loc="117" ncloc="117" packages="8" files="12" classes="12">
      <package name="src">
        <metrics statements="1" coveredstatements="0" conditionals="0" coveredconditionals="0" methods="0" coveredmethods="0"/>
        <file name="config.js" path="/home/highlander/Desenvolvimento/ipaam/carteira-de-pesca/frontend/src/config.js">
          <metrics statements="1" coveredstatements="0" conditionals="0" coveredconditionals="0" methods="0" coveredmethods="0"/>
          <line num="7" count="0" type="stmt"/>
        </file>
      </package>
      <package name="src.components">
        <metrics statements="1" coveredstatements="1" conditionals="0" coveredconditionals="0" methods="0" coveredmethods="0"/>
        <file name="App.vue" path="/home/highlander/Desenvolvimento/ipaam/carteira-de-pesca/frontend/src/components/App.vue">
          <metrics statements="1" coveredstatements="1" conditionals="0" coveredconditionals="0" methods="0" coveredmethods="0"/>
          <line num="7" count="1" type="stmt"/>
        </file>
      </package>
      <package name="src.services.shared">
        <metrics statements="12" coveredstatements="0" conditionals="9" coveredconditionals="0" methods="10" coveredmethods="0"/>
        <file name="ApiService.js" path="/home/highlander/Desenvolvimento/ipaam/carteira-de-pesca/frontend/src/services/shared/ApiService.js">
          <metrics statements="12" coveredstatements="0" conditionals="9" coveredconditionals="0" methods="10" coveredmethods="0"/>
          <line num="1" count="0" type="stmt"/>
          <line num="2" count="0" type="stmt"/>
          <line num="3" count="0" type="stmt"/>
          <line num="4" count="0" type="stmt"/>
          <line num="5" count="0" type="stmt"/>
          <line num="13" count="0" type="cond" truecount="0" falsecount="9"/>
          <line num="18" count="0" type="stmt"/>
          <line num="19" count="0" type="stmt"/>
          <line num="26" count="0" type="stmt"/>
          <line num="42" count="0" type="stmt"/>
          <line num="43" count="0" type="stmt"/>
          <line num="63" count="0" type="stmt"/>
        </file>
      </package>
      <package name="src.services.shared.handling">
        <metrics statements="39" coveredstatements="0" conditionals="42" coveredconditionals="0" methods="14" coveredmethods="0"/>
        <file name="Exception.js" path="/home/highlander/Desenvolvimento/ipaam/carteira-de-pesca/frontend/src/services/shared/handling/Exception.js">
          <metrics statements="7" coveredstatements="0" conditionals="18" coveredconditionals="0" methods="1" coveredmethods="0"/>
          <line num="1" count="0" type="stmt"/>
          <line num="20" count="0" type="cond" truecount="0" falsecount="4"/>
          <line num="22" count="0" type="stmt"/>
          <line num="23" count="0" type="stmt"/>
          <line num="30" count="0" type="cond" truecount="0" falsecount="4"/>
          <line num="31" count="0" type="stmt"/>
          <line num="37" count="0" type="stmt"/>
        </file>
        <file name="HttpError.js" path="/home/highlander/Desenvolvimento/ipaam/carteira-de-pesca/frontend/src/services/shared/handling/HttpError.js">
          <metrics statements="1" coveredstatements="0" conditionals="0" coveredconditionals="0" methods="0" coveredmethods="0"/>
          <line num="8" count="0" type="stmt"/>
        </file>
        <file name="HttpException.js" path="/home/highlander/Desenvolvimento/ipaam/carteira-de-pesca/frontend/src/services/shared/handling/HttpException.js">
          <metrics statements="17" coveredstatements="0" conditionals="15" coveredconditionals="0" methods="5" coveredmethods="0"/>
          <line num="1" count="0" type="stmt"/>
          <line num="2" count="0" type="stmt"/>
          <line num="3" count="0" type="stmt"/>
          <line num="11" count="0" type="stmt"/>
          <line num="20" count="0" type="cond" truecount="0" falsecount="4"/>
          <line num="21" count="0" type="stmt"/>
          <line num="33" count="0" type="cond" truecount="0" falsecount="2"/>
          <line num="34" count="0" type="stmt"/>
          <line num="38" count="0" type="stmt"/>
          <line num="52" count="0" type="stmt"/>
          <line num="64" count="0" type="stmt"/>
          <line num="66" count="0" type="cond" truecount="0" falsecount="2"/>
          <line num="67" count="0" type="stmt"/>
          <line num="68" count="0" type="cond" truecount="0" falsecount="2"/>
          <line num="69" count="0" type="stmt"/>
          <line num="71" count="0" type="stmt"/>
          <line num="83" count="0" type="cond" truecount="0" falsecount="3"/>
        </file>
        <file name="Notificator.js" path="/home/highlander/Desenvolvimento/ipaam/carteira-de-pesca/frontend/src/services/shared/handling/Notificator.js">
          <metrics statements="14" coveredstatements="0" conditionals="9" coveredconditionals="0" methods="8" coveredmethods="0"/>
          <line num="1" count="0" type="stmt"/>
          <line num="2" count="0" type="stmt"/>
          <line num="6" count="0" type="stmt"/>
          <line num="14" count="0" type="stmt"/>
          <line num="31" count="0" type="cond" truecount="0" falsecount="2"/>
          <line num="33" count="0" type="stmt"/>
          <line num="44" count="0" type="stmt"/>
          <line num="56" count="0" type="cond" truecount="0" falsecount="2"/>
          <line num="72" count="0" type="stmt"/>
          <line num="91" count="0" type="stmt"/>
          <line num="106" count="0" type="stmt"/>
          <line num="120" count="0" type="stmt"/>
          <line num="131" count="0" type="stmt"/>
          <line num="142" count="0" type="stmt"/>
        </file>
      </package>
      <package name="src.store">
        <metrics statements="6" coveredstatements="0" conditionals="2" coveredconditionals="0" methods="0" coveredmethods="0"/>
        <file name="index.js" path="/home/highlander/Desenvolvimento/ipaam/carteira-de-pesca/frontend/src/store/index.js">
          <metrics statements="6" coveredstatements="0" conditionals="2" coveredconditionals="0" methods="0" coveredmethods="0"/>
          <line num="1" count="0" type="stmt"/>
          <line num="2" count="0" type="stmt"/>
          <line num="4" count="0" type="stmt"/>
          <line num="5" count="0" type="stmt"/>
          <line num="7" count="0" type="stmt"/>
          <line num="9" count="0" type="stmt"/>
        </file>
      </package>
      <package name="src.store.modules">
        <metrics statements="5" coveredstatements="0" conditionals="0" coveredconditionals="0" methods="0" coveredmethods="0"/>
        <file name="global.js" path="/home/highlander/Desenvolvimento/ipaam/carteira-de-pesca/frontend/src/store/modules/global.js">
          <metrics statements="5" coveredstatements="0" conditionals="0" coveredconditionals="0" methods="0" coveredmethods="0"/>
          <line num="1" count="0" type="stmt"/>
          <line num="3" count="0" type="stmt"/>
          <line num="12" count="0" type="stmt"/>
          <line num="23" count="0" type="stmt"/>
          <line num="33" count="0" type="stmt"/>
        </file>
      </package>
      <package name="src.utils">
        <metrics statements="8" coveredstatements="0" conditionals="2" coveredconditionals="0" methods="5" coveredmethods="0"/>
        <file name="registerServiceWorker.js" path="/home/highlander/Desenvolvimento/ipaam/carteira-de-pesca/frontend/src/utils/registerServiceWorker.js">
          <metrics statements="8" coveredstatements="0" conditionals="2" coveredconditionals="0" methods="5" coveredmethods="0"/>
          <line num="3" count="0" type="stmt"/>
          <line num="5" count="0" type="cond" truecount="0" falsecount="2"/>
          <line num="6" count="0" type="stmt"/>
          <line num="8" count="0" type="stmt"/>
          <line num="14" count="0" type="stmt"/>
          <line num="17" count="0" type="stmt"/>
          <line num="20" count="0" type="stmt"/>
          <line num="25" count="0" type="stmt"/>
        </file>
      </package>
      <package name="src.utils.helpers">
        <metrics statements="45" coveredstatements="0" conditionals="38" coveredconditionals="0" methods="17" coveredmethods="0"/>
        <file name="logger.js" path="/home/highlander/Desenvolvimento/ipaam/carteira-de-pesca/frontend/src/utils/helpers/logger.js">
          <metrics statements="29" coveredstatements="0" conditionals="20" coveredconditionals="0" methods="8" coveredmethods="0"/>
          <line num="3" count="0" type="stmt"/>
          <line num="7" count="0" type="cond" truecount="0" falsecount="2"/>
          <line num="8" count="0" type="cond" truecount="0" falsecount="2"/>
          <line num="9" count="0" type="cond" truecount="0" falsecount="2"/>
          <line num="11" count="0" type="cond" truecount="0" falsecount="4"/>
          <line num="12" count="0" type="stmt"/>
          <line num="13" count="0" type="stmt"/>
          <line num="15" count="0" type="stmt"/>
          <line num="16" count="0" type="cond" truecount="0" falsecount="2"/>
          <line num="17" count="0" type="stmt"/>
          <line num="19" count="0" type="stmt"/>
          <line num="21" count="0" type="cond" truecount="0" falsecount="2"/>
          <line num="22" count="0" type="stmt"/>
          <line num="23" count="0" type="stmt"/>
          <line num="24" count="0" type="stmt"/>
          <line num="25" count="0" type="stmt"/>
          <line num="26" count="0" type="stmt"/>
          <line num="31" count="0" type="stmt"/>
          <line num="32" count="0" type="stmt"/>
          <line num="34" count="0" type="stmt"/>
          <line num="37" count="0" type="stmt"/>
          <line num="38" count="0" type="stmt"/>
          <line num="39" count="0" type="stmt"/>
          <line num="41" count="0" type="stmt"/>
          <line num="42" count="0" type="stmt"/>
          <line num="44" count="0" type="stmt"/>
          <line num="48" count="0" type="stmt"/>
          <line num="54" count="0" type="stmt"/>
          <line num="58" count="0" type="stmt"/>
        </file>
        <file name="util.js" path="/home/highlander/Desenvolvimento/ipaam/carteira-de-pesca/frontend/src/utils/helpers/util.js">
          <metrics statements="16" coveredstatements="0" conditionals="18" coveredconditionals="0" methods="9" coveredmethods="0"/>
          <line num="12" count="0" type="stmt"/>
          <line num="24" count="0" type="cond" truecount="0" falsecount="4"/>
          <line num="26" count="0" type="cond" truecount="0" falsecount="4"/>
          <line num="27" count="0" type="stmt"/>
          <line num="31" count="0" type="stmt"/>
          <line num="32" count="0" type="cond" truecount="0" falsecount="2"/>
          <line num="33" count="0" type="stmt"/>
          <line num="36" count="0" type="cond" truecount="0" falsecount="2"/>
          <line num="38" count="0" type="stmt"/>
          <line num="43" count="0" type="stmt"/>
          <line num="44" count="0" type="stmt"/>
          <line num="47" count="0" type="stmt"/>
          <line num="57" count="0" type="stmt"/>
          <line num="67" count="0" type="cond" truecount="0" falsecount="2"/>
          <line num="77" count="0" type="cond" truecount="0" falsecount="2"/>
          <line num="87" count="0" type="cond" truecount="0" falsecount="2"/>
        </file>
      </package>
    </metrics>
  </project>
</coverage>
