{"/home/highlander/Desenvolvimento/ipaam/carteira-de-pesca/frontend/src/registerServiceWorker.js": {"path":"/home/highlander/Desenvolvimento/ipaam/carteira-de-pesca/frontend/src/registerServiceWorker.js","statementMap":{"0":{"start":{"line":3,"column":0},"end":{"line":null,"column":-1}},"1":{"start":{"line":5,"column":0},"end":{"line":28,"column":1}},"2":{"start":{"line":6,"column":2},"end":{"line":null,"column":-1}},"3":{"start":{"line":8,"column":6},"end":{"line":null,"column":-1}},"4":{"start":{"line":14,"column":6},"end":{"line":null,"column":-1}},"5":{"start":{"line":17,"column":6},"end":{"line":null,"column":-1}},"6":{"start":{"line":20,"column":6},"end":{"line":null,"column":-1}},"7":{"start":{"line":25,"column":6},"end":{"line":null,"column":-1}}},"fnMap":{"0":{"name":"ready","decl":{"start":{"line":6,"column":55},"end":{"line":7,"column":11}},"loc":{"start":{"line":7,"column":12},"end":{"line":6,"column":55}}},"1":{"name":"cached","decl":{"start":{"line":6,"column":55},"end":{"line":13,"column":12}},"loc":{"start":{"line":13,"column":13},"end":{"line":6,"column":55}}},"2":{"name":"updated","decl":{"start":{"line":6,"column":55},"end":{"line":16,"column":13}},"loc":{"start":{"line":16,"column":14},"end":{"line":6,"column":55}}},"3":{"name":"offline","decl":{"start":{"line":6,"column":55},"end":{"line":19,"column":13}},"loc":{"start":{"line":19,"column":14},"end":{"line":6,"column":55}}},"4":{"name":"error","decl":{"start":{"line":6,"column":55},"end":{"line":24,"column":9}},"loc":{"start":{"line":24,"column":17},"end":{"line":26,"column":5}}}},"branchMap":{"0":{"loc":{"start":{"line":5,"column":0},"end":{"line":28,"column":1}},"type":"if","locations":[{"start":{"line":5,"column":0},"end":{"line":28,"column":1}},{"start":{"line":5,"column":0},"end":{"line":28,"column":1}}]}},"s":{"0":0,"1":0,"2":0,"3":0,"4":0,"5":0,"6":0,"7":0},"f":{"0":0,"1":0,"2":0,"3":0,"4":0},"b":{"0":[0,0]}}
,"/home/highlander/Desenvolvimento/ipaam/carteira-de-pesca/frontend/src/components/views/Home.vue": {"path":"/home/highlander/Desenvolvimento/ipaam/carteira-de-pesca/frontend/src/components/views/Home.vue","statementMap":{"0":{"start":{"line":10,"column":0},"end":{"line":null,"column":-1}}},"fnMap":{},"branchMap":{},"s":{"0":0},"f":{},"b":{}}
,"/home/highlander/Desenvolvimento/ipaam/carteira-de-pesca/frontend/src/services/shared/ApiService.js": {"path":"/home/highlander/Desenvolvimento/ipaam/carteira-de-pesca/frontend/src/services/shared/ApiService.js","statementMap":{"0":{"start":{"line":1,"column":0},"end":{"line":null,"column":-1}},"1":{"start":{"line":2,"column":0},"end":{"line":null,"column":-1}},"2":{"start":{"line":3,"column":0},"end":{"line":null,"column":-1}},"3":{"start":{"line":4,"column":0},"end":{"line":null,"column":-1}},"4":{"start":{"line":6,"column":19},"end":{"line":6,"column":0}},"5":{"start":{"line":11,"column":4},"end":{"line":null,"column":-1}},"6":{"start":{"line":12,"column":4},"end":{"line":null,"column":-1}},"7":{"start":{"line":19,"column":4},"end":{"line":null,"column":-1}},"8":{"start":{"line":6,"column":19},"end":{"line":null,"column":-1}},"9":{"start":{"line":28,"column":44},"end":{"line":28,"column":43}},"10":{"start":{"line":29,"column":12},"end":{"line":null,"column":-1}}},"fnMap":{"0":{"name":"init","decl":{"start":{"line":6,"column":19},"end":{"line":10,"column":8}},"loc":{"start":{"line":10,"column":9},"end":{"line":6,"column":19}}},"1":{"name":"setHeader","decl":{"start":{"line":6,"column":19},"end":{"line":18,"column":13}},"loc":{"start":{"line":18,"column":14},"end":{"line":6,"column":19}}},"2":{"name":"(anonymous_2)","decl":{"start":{"line":6,"column":19},"end":{"line":null,"column":-1}},"loc":{"start":{"line":6,"column":19},"end":{"line":null,"column":-1}}},"3":{"name":"_callee","decl":{"start":{"line":6,"column":19},"end":{"line":22,"column":13}},"loc":{"start":{"line":6,"column":19},"end":{"line":null,"column":-1}}},"4":{"name":"paramsSerializer","decl":{"start":{"line":28,"column":28},"end":{"line":28,"column":43}},"loc":{"start":{"line":28,"column":44},"end":{"line":34,"column":11}}}},"branchMap":{"0":{"loc":{"start":{"line":6,"column":19},"end":{"line":null,"column":-1}},"type":"switch","locations":[{"start":{"line":6,"column":19},"end":{"line":null,"column":-1}},{"start":{"line":6,"column":19},"end":{"line":null,"column":-1}},{"start":{"line":6,"column":19},"end":{"line":null,"column":-1}},{"start":{"line":6,"column":19},"end":{"line":null,"column":-1}},{"start":{"line":6,"column":19},"end":{"line":null,"column":-1}}]}},"s":{"0":0,"1":0,"2":0,"3":0,"4":0,"5":0,"6":0,"7":0,"8":0,"9":0,"10":0},"f":{"0":0,"1":0,"2":0,"3":0,"4":0},"b":{"0":[0,0,0,0,0]}}
,"/home/highlander/Desenvolvimento/ipaam/carteira-de-pesca/frontend/src/services/shared/HttpException.js": {"path":"/home/highlander/Desenvolvimento/ipaam/carteira-de-pesca/frontend/src/services/shared/HttpException.js","statementMap":{"0":{"start":{"line":1,"column":29},"end":{"line":1,"column":7}},"1":{"start":{"line":10,"column":31},"end":{"line":10,"column":30}},"2":{"start":{"line":11,"column":4},"end":{"line":null,"column":-1}},"3":{"start":{"line":26,"column":4},"end":{"line":null,"column":-1}}},"fnMap":{"0":{"name":"init","decl":{"start":{"line":1,"column":29},"end":{"line":10,"column":6}},"loc":{"start":{"line":10,"column":31},"end":{"line":1,"column":29}}},"1":{"name":"handleError","decl":{"start":{"line":1,"column":29},"end":{"line":14,"column":13}},"loc":{"start":{"line":14,"column":30},"end":{"line":1,"column":29}}},"2":{"name":"valid","decl":{"start":{"line":1,"column":29},"end":{"line":25,"column":7}},"loc":{"start":{"line":25,"column":18},"end":{"line":27,"column":3}}}},"branchMap":{"0":{"loc":{"start":{"line":10,"column":31},"end":{"line":10,"column":23}},"type":"cond-expr","locations":[{"start":{"line":10,"column":31},"end":{"line":10,"column":23}},{"start":{"line":10,"column":24},"end":{"line":10,"column":31}}]},"1":{"loc":{"start":{"line":10,"column":31},"end":{"line":10,"column":23}},"type":"binary-expr","locations":[{"start":{"line":10,"column":31},"end":{"line":10,"column":23}},{"start":{"line":10,"column":31},"end":{"line":10,"column":23}}]},"2":{"loc":{"start":{"line":26,"column":11},"end":{"line":26,"column":22}},"type":"binary-expr","locations":[{"start":{"line":26,"column":11},"end":{"line":26,"column":22}},{"start":{"line":26,"column":23},"end":{"line":26,"column":11}},{"start":{"line":26,"column":44},"end":{"line":26,"column":4}}]}},"s":{"0":0,"1":0,"2":0,"3":0},"f":{"0":0,"1":0,"2":0},"b":{"0":[0,0],"1":[0,0],"2":[0,0,0]}}
,"/home/highlander/Desenvolvimento/ipaam/carteira-de-pesca/frontend/src/store/index.js": {"path":"/home/highlander/Desenvolvimento/ipaam/carteira-de-pesca/frontend/src/store/index.js","statementMap":{"0":{"start":{"line":1,"column":0},"end":{"line":null,"column":-1}},"1":{"start":{"line":2,"column":0},"end":{"line":null,"column":-1}},"2":{"start":{"line":4,"column":0},"end":{"line":null,"column":-1}}},"fnMap":{},"branchMap":{},"s":{"0":0,"1":0,"2":0},"f":{},"b":{}}
}
