{"/home/highlander/Desenvolvimento/ipaam/carteira-de-pesca/frontend/src/config.js": {"path":"/home/highlander/Desenvolvimento/ipaam/carteira-de-pesca/frontend/src/config.js","statementMap":{"0":{"start":{"line":7,"column":15},"end":{"line":7,"column":0}}},"fnMap":{},"branchMap":{},"s":{"0":0},"f":{},"b":{}}
,"/home/highlander/Desenvolvimento/ipaam/carteira-de-pesca/frontend/src/components/App.vue": {"path":"/home/highlander/Desenvolvimento/ipaam/carteira-de-pesca/frontend/src/components/App.vue","statementMap":{"0":{"start":{"line":7,"column":0},"end":{"line":null,"column":-1}}},"fnMap":{},"branchMap":{},"s":{"0":1},"f":{},"b":{}}
,"/home/highlander/Desenvolvimento/ipaam/carteira-de-pesca/frontend/src/services/shared/ApiService.js": {"path":"/home/highlander/Desenvolvimento/ipaam/carteira-de-pesca/frontend/src/services/shared/ApiService.js","statementMap":{"0":{"start":{"line":1,"column":0},"end":{"line":null,"column":-1}},"1":{"start":{"line":2,"column":0},"end":{"line":null,"column":-1}},"2":{"start":{"line":3,"column":0},"end":{"line":null,"column":-1}},"3":{"start":{"line":4,"column":0},"end":{"line":null,"column":-1}},"4":{"start":{"line":5,"column":0},"end":{"line":null,"column":-1}},"5":{"start":{"line":13,"column":19},"end":{"line":13,"column":0}},"6":{"start":{"line":18,"column":4},"end":{"line":null,"column":-1}},"7":{"start":{"line":19,"column":4},"end":{"line":null,"column":-1}},"8":{"start":{"line":26,"column":4},"end":{"line":null,"column":-1}},"9":{"start":{"line":13,"column":19},"end":{"line":null,"column":-1}},"10":{"start":{"line":42,"column":44},"end":{"line":42,"column":43}},"11":{"start":{"line":43,"column":12},"end":{"line":null,"column":-1}},"12":{"start":{"line":63,"column":22},"end":{"line":13,"column":19}}},"fnMap":{"0":{"name":"init","decl":{"start":{"line":13,"column":19},"end":{"line":17,"column":8}},"loc":{"start":{"line":17,"column":9},"end":{"line":13,"column":19}}},"1":{"name":"setHeader","decl":{"start":{"line":13,"column":19},"end":{"line":25,"column":13}},"loc":{"start":{"line":25,"column":14},"end":{"line":13,"column":19}}},"2":{"name":"(anonymous_2)","decl":{"start":{"line":13,"column":19},"end":{"line":null,"column":-1}},"loc":{"start":{"line":13,"column":19},"end":{"line":null,"column":-1}}},"3":{"name":"_callee","decl":{"start":{"line":13,"column":19},"end":{"line":36,"column":13}},"loc":{"start":{"line":13,"column":19},"end":{"line":null,"column":-1}}},"4":{"name":"paramsSerializer","decl":{"start":{"line":42,"column":28},"end":{"line":42,"column":43}},"loc":{"start":{"line":42,"column":44},"end":{"line":48,"column":11}}},"5":{"name":"_callee2","decl":{"start":{"line":13,"column":19},"end":{"line":63,"column":11}},"loc":{"start":{"line":13,"column":19},"end":{"line":null,"column":-1}}},"6":{"name":"_callee3","decl":{"start":{"line":13,"column":19},"end":{"line":78,"column":12}},"loc":{"start":{"line":13,"column":19},"end":{"line":null,"column":-1}}},"7":{"name":"_callee4","decl":{"start":{"line":13,"column":19},"end":{"line":94,"column":14}},"loc":{"start":{"line":13,"column":19},"end":{"line":null,"column":-1}}},"8":{"name":"_callee5","decl":{"start":{"line":13,"column":19},"end":{"line":109,"column":11}},"loc":{"start":{"line":13,"column":19},"end":{"line":null,"column":-1}}},"9":{"name":"_callee6","decl":{"start":{"line":13,"column":19},"end":{"line":123,"column":14}},"loc":{"start":{"line":13,"column":19},"end":{"line":null,"column":-1}}}},"branchMap":{"0":{"loc":{"start":{"line":13,"column":19},"end":{"line":null,"column":-1}},"type":"switch","locations":[{"start":{"line":13,"column":19},"end":{"line":null,"column":-1}},{"start":{"line":13,"column":19},"end":{"line":null,"column":-1}},{"start":{"line":13,"column":19},"end":{"line":null,"column":-1}},{"start":{"line":13,"column":19},"end":{"line":null,"column":-1}},{"start":{"line":13,"column":19},"end":{"line":null,"column":-1}}]},"1":{"loc":{"start":{"line":13,"column":19},"end":{"line":63,"column":28}},"type":"cond-expr","locations":[{"start":{"line":13,"column":19},"end":{"line":63,"column":28}},{"start":{"line":63,"column":29},"end":{"line":13,"column":19}}]},"2":{"loc":{"start":{"line":13,"column":19},"end":{"line":63,"column":28}},"type":"binary-expr","locations":[{"start":{"line":13,"column":19},"end":{"line":63,"column":28}},{"start":{"line":13,"column":19},"end":{"line":63,"column":28}}]}},"s":{"0":0,"1":0,"2":0,"3":0,"4":0,"5":0,"6":0,"7":0,"8":0,"9":0,"10":0,"11":0,"12":0},"f":{"0":0,"1":0,"2":0,"3":0,"4":0,"5":0,"6":0,"7":0,"8":0,"9":0},"b":{"0":[0,0,0,0,0],"1":[0,0],"2":[0,0]}}
,"/home/highlander/Desenvolvimento/ipaam/carteira-de-pesca/frontend/src/services/shared/handling/Exception.js": {"path":"/home/highlander/Desenvolvimento/ipaam/carteira-de-pesca/frontend/src/services/shared/handling/Exception.js","statementMap":{"0":{"start":{"line":1,"column":0},"end":{"line":null,"column":-1}},"1":{"start":{"line":20,"column":42},"end":{"line":20,"column":41}},"2":{"start":{"line":22,"column":26},"end":{"line":22,"column":2}},"3":{"start":{"line":23,"column":24},"end":{"line":23,"column":2}},"4":{"start":{"line":30,"column":2},"end":{"line":31,"column":4}},"5":{"start":{"line":31,"column":4},"end":{"line":null,"column":-1}},"6":{"start":{"line":37,"column":2},"end":{"line":null,"column":-1}}},"fnMap":{"0":{"name":"Exception","decl":{"start":{"line":20,"column":16},"end":{"line":20,"column":7}},"loc":{"start":{"line":20,"column":42},"end":{"line":41,"column":1}}}},"branchMap":{"0":{"loc":{"start":{"line":20,"column":42},"end":{"line":20,"column":35}},"type":"cond-expr","locations":[{"start":{"line":20,"column":42},"end":{"line":20,"column":35}},{"start":{"line":20,"column":36},"end":{"line":20,"column":42}}]},"1":{"loc":{"start":{"line":20,"column":42},"end":{"line":20,"column":35}},"type":"binary-expr","locations":[{"start":{"line":20,"column":42},"end":{"line":20,"column":35}},{"start":{"line":20,"column":42},"end":{"line":20,"column":35}}]},"2":{"loc":{"start":{"line":30,"column":2},"end":{"line":31,"column":4}},"type":"if","locations":[{"start":{"line":30,"column":2},"end":{"line":31,"column":4}},{"start":{"line":30,"column":2},"end":{"line":31,"column":4}}]},"3":{"loc":{"start":{"line":30,"column":6},"end":{"line":30,"column":16}},"type":"binary-expr","locations":[{"start":{"line":30,"column":6},"end":{"line":30,"column":16}},{"start":{"line":30,"column":17},"end":{"line":30,"column":2}}]},"4":{"loc":{"start":{"line":32,"column":29},"end":{"line":32,"column":13}},"type":"cond-expr","locations":[{"start":{"line":32,"column":29},"end":{"line":32,"column":13}},{"start":{"line":32,"column":45},"end":{"line":31,"column":21}}]},"5":{"loc":{"start":{"line":33,"column":33},"end":{"line":33,"column":15}},"type":"cond-expr","locations":[{"start":{"line":33,"column":33},"end":{"line":33,"column":15}},{"start":{"line":33,"column":51},"end":{"line":31,"column":21}}]},"6":{"loc":{"start":{"line":34,"column":27},"end":{"line":34,"column":12}},"type":"cond-expr","locations":[{"start":{"line":34,"column":27},"end":{"line":34,"column":12}},{"start":{"line":34,"column":42},"end":{"line":null,"column":-1}}]},"7":{"loc":{"start":{"line":38,"column":42},"end":{"line":38,"column":13}},"type":"cond-expr","locations":[{"start":{"line":38,"column":42},"end":{"line":38,"column":13}},{"start":{"line":38,"column":60},"end":{"line":null,"column":-1}}]},"8":{"loc":{"start":{"line":38,"column":13},"end":{"line":38,"column":23}},"type":"binary-expr","locations":[{"start":{"line":38,"column":13},"end":{"line":38,"column":23}},{"start":{"line":38,"column":24},"end":{"line":38,"column":13}}]}},"s":{"0":0,"1":0,"2":0,"3":0,"4":0,"5":0,"6":0},"f":{"0":0},"b":{"0":[0,0],"1":[0,0],"2":[0,0],"3":[0,0],"4":[0,0],"5":[0,0],"6":[0,0],"7":[0,0],"8":[0,0]}}
,"/home/highlander/Desenvolvimento/ipaam/carteira-de-pesca/frontend/src/services/shared/handling/HttpError.js": {"path":"/home/highlander/Desenvolvimento/ipaam/carteira-de-pesca/frontend/src/services/shared/handling/HttpError.js","statementMap":{"0":{"start":{"line":8,"column":25},"end":{"line":8,"column":7}}},"fnMap":{},"branchMap":{},"s":{"0":0},"f":{},"b":{}}
,"/home/highlander/Desenvolvimento/ipaam/carteira-de-pesca/frontend/src/services/shared/handling/HttpException.js": {"path":"/home/highlander/Desenvolvimento/ipaam/carteira-de-pesca/frontend/src/services/shared/handling/HttpException.js","statementMap":{"0":{"start":{"line":1,"column":0},"end":{"line":null,"column":-1}},"1":{"start":{"line":2,"column":0},"end":{"line":null,"column":-1}},"2":{"start":{"line":3,"column":0},"end":{"line":null,"column":-1}},"3":{"start":{"line":11,"column":29},"end":{"line":11,"column":7}},"4":{"start":{"line":20,"column":31},"end":{"line":20,"column":30}},"5":{"start":{"line":21,"column":4},"end":{"line":null,"column":-1}},"6":{"start":{"line":33,"column":4},"end":{"line":39,"column":5}},"7":{"start":{"line":34,"column":6},"end":{"line":null,"column":-1}},"8":{"start":{"line":38,"column":6},"end":{"line":null,"column":-1}},"9":{"start":{"line":52,"column":4},"end":{"line":null,"column":-1}},"10":{"start":{"line":64,"column":17},"end":{"line":64,"column":4}},"11":{"start":{"line":66,"column":4},"end":{"line":72,"column":5}},"12":{"start":{"line":67,"column":6},"end":{"line":null,"column":-1}},"13":{"start":{"line":68,"column":11},"end":{"line":72,"column":5}},"14":{"start":{"line":69,"column":6},"end":{"line":null,"column":-1}},"15":{"start":{"line":71,"column":6},"end":{"line":null,"column":-1}},"16":{"start":{"line":83,"column":4},"end":{"line":null,"column":-1}}},"fnMap":{"0":{"name":"init","decl":{"start":{"line":11,"column":29},"end":{"line":20,"column":6}},"loc":{"start":{"line":20,"column":31},"end":{"line":11,"column":29}}},"1":{"name":"handleError","decl":{"start":{"line":11,"column":29},"end":{"line":32,"column":13}},"loc":{"start":{"line":32,"column":30},"end":{"line":11,"column":29}}},"2":{"name":"handledHttpError","decl":{"start":{"line":11,"column":29},"end":{"line":51,"column":18}},"loc":{"start":{"line":51,"column":30},"end":{"line":11,"column":29}}},"3":{"name":"generateMessage","decl":{"start":{"line":11,"column":29},"end":{"line":63,"column":17}},"loc":{"start":{"line":63,"column":25},"end":{"line":11,"column":29}}},"4":{"name":"valid","decl":{"start":{"line":11,"column":29},"end":{"line":82,"column":7}},"loc":{"start":{"line":82,"column":18},"end":{"line":84,"column":3}}}},"branchMap":{"0":{"loc":{"start":{"line":20,"column":31},"end":{"line":20,"column":23}},"type":"cond-expr","locations":[{"start":{"line":20,"column":31},"end":{"line":20,"column":23}},{"start":{"line":20,"column":24},"end":{"line":20,"column":31}}]},"1":{"loc":{"start":{"line":20,"column":31},"end":{"line":20,"column":23}},"type":"binary-expr","locations":[{"start":{"line":20,"column":31},"end":{"line":20,"column":23}},{"start":{"line":20,"column":31},"end":{"line":20,"column":23}}]},"2":{"loc":{"start":{"line":33,"column":4},"end":{"line":39,"column":5}},"type":"if","locations":[{"start":{"line":33,"column":4},"end":{"line":39,"column":5}},{"start":{"line":33,"column":4},"end":{"line":39,"column":5}}]},"3":{"loc":{"start":{"line":35,"column":10},"end":{"line":34,"column":13}},"type":"cond-expr","locations":[{"start":{"line":35,"column":10},"end":{"line":34,"column":13}},{"start":{"line":36,"column":10},"end":{"line":34,"column":6}}]},"4":{"loc":{"start":{"line":66,"column":4},"end":{"line":72,"column":5}},"type":"if","locations":[{"start":{"line":66,"column":4},"end":{"line":72,"column":5}},{"start":{"line":66,"column":4},"end":{"line":72,"column":5}}]},"5":{"loc":{"start":{"line":68,"column":11},"end":{"line":72,"column":5}},"type":"if","locations":[{"start":{"line":68,"column":11},"end":{"line":72,"column":5}},{"start":{"line":68,"column":11},"end":{"line":72,"column":5}}]},"6":{"loc":{"start":{"line":83,"column":11},"end":{"line":83,"column":22}},"type":"binary-expr","locations":[{"start":{"line":83,"column":11},"end":{"line":83,"column":22}},{"start":{"line":83,"column":23},"end":{"line":83,"column":11}},{"start":{"line":83,"column":44},"end":{"line":83,"column":4}}]}},"s":{"0":0,"1":0,"2":0,"3":0,"4":0,"5":0,"6":0,"7":0,"8":0,"9":0,"10":0,"11":0,"12":0,"13":0,"14":0,"15":0,"16":0},"f":{"0":0,"1":0,"2":0,"3":0,"4":0},"b":{"0":[0,0],"1":[0,0],"2":[0,0],"3":[0,0],"4":[0,0],"5":[0,0],"6":[0,0,0]}}
,"/home/highlander/Desenvolvimento/ipaam/carteira-de-pesca/frontend/src/services/shared/handling/Notificator.js": {"path":"/home/highlander/Desenvolvimento/ipaam/carteira-de-pesca/frontend/src/services/shared/handling/Notificator.js","statementMap":{"0":{"start":{"line":1,"column":0},"end":{"line":null,"column":-1}},"1":{"start":{"line":2,"column":0},"end":{"line":null,"column":-1}},"2":{"start":{"line":6,"column":27},"end":{"line":6,"column":0}},"3":{"start":{"line":14,"column":27},"end":{"line":14,"column":7}},"4":{"start":{"line":31,"column":4},"end":{"line":45,"column":5}},"5":{"start":{"line":33,"column":6},"end":{"line":null,"column":-1}},"6":{"start":{"line":44,"column":6},"end":{"line":null,"column":-1}},"7":{"start":{"line":56,"column":4},"end":{"line":null,"column":-1}},"8":{"start":{"line":72,"column":4},"end":{"line":null,"column":-1}},"9":{"start":{"line":91,"column":4},"end":{"line":null,"column":-1}},"10":{"start":{"line":106,"column":4},"end":{"line":null,"column":-1}},"11":{"start":{"line":120,"column":4},"end":{"line":null,"column":-1}},"12":{"start":{"line":131,"column":4},"end":{"line":null,"column":-1}},"13":{"start":{"line":142,"column":4},"end":{"line":null,"column":-1}}},"fnMap":{"0":{"name":"show","decl":{"start":{"line":14,"column":27},"end":{"line":29,"column":6}},"loc":{"start":{"line":29,"column":12},"end":{"line":14,"column":27}}},"1":{"name":"show_duration","decl":{"start":{"line":14,"column":27},"end":{"line":55,"column":15}},"loc":{"start":{"line":55,"column":21},"end":{"line":14,"column":27}}},"2":{"name":"display_duration_on","decl":{"start":{"line":14,"column":27},"end":{"line":69,"column":21}},"loc":{"start":{"line":69,"column":54},"end":{"line":14,"column":27}}},"3":{"name":"display_duration_off","decl":{"start":{"line":14,"column":27},"end":{"line":88,"column":22}},"loc":{"start":{"line":88,"column":45},"end":{"line":14,"column":27}}},"4":{"name":"valid","decl":{"start":{"line":14,"column":27},"end":{"line":105,"column":7}},"loc":{"start":{"line":105,"column":13},"end":{"line":14,"column":27}}},"5":{"name":"valid_type","decl":{"start":{"line":14,"column":27},"end":{"line":119,"column":12}},"loc":{"start":{"line":119,"column":19},"end":{"line":14,"column":27}}},"6":{"name":"valid_title","decl":{"start":{"line":14,"column":27},"end":{"line":130,"column":13}},"loc":{"start":{"line":130,"column":21},"end":{"line":14,"column":27}}},"7":{"name":"valid_message","decl":{"start":{"line":14,"column":27},"end":{"line":141,"column":15}},"loc":{"start":{"line":141,"column":25},"end":{"line":143,"column":3}}}},"branchMap":{"0":{"loc":{"start":{"line":31,"column":4},"end":{"line":45,"column":5}},"type":"if","locations":[{"start":{"line":31,"column":4},"end":{"line":45,"column":5}},{"start":{"line":31,"column":4},"end":{"line":45,"column":5}}]},"1":{"loc":{"start":{"line":34,"column":10},"end":{"line":33,"column":6}},"type":"cond-expr","locations":[{"start":{"line":34,"column":10},"end":{"line":33,"column":6}},{"start":{"line":40,"column":10},"end":{"line":33,"column":6}}]},"2":{"loc":{"start":{"line":56,"column":11},"end":{"line":56,"column":10}},"type":"binary-expr","locations":[{"start":{"line":56,"column":11},"end":{"line":56,"column":10}},{"start":{"line":56,"column":37},"end":{"line":56,"column":4}}]},"3":{"loc":{"start":{"line":107,"column":6},"end":{"line":108,"column":5}},"type":"binary-expr","locations":[{"start":{"line":107,"column":6},"end":{"line":108,"column":5}},{"start":{"line":108,"column":6},"end":{"line":107,"column":6}},{"start":{"line":109,"column":6},"end":{"line":106,"column":4}}]}},"s":{"0":0,"1":0,"2":0,"3":0,"4":0,"5":0,"6":0,"7":0,"8":0,"9":0,"10":0,"11":0,"12":0,"13":0},"f":{"0":0,"1":0,"2":0,"3":0,"4":0,"5":0,"6":0,"7":0},"b":{"0":[0,0],"1":[0,0],"2":[0,0],"3":[0,0,0]}}
,"/home/highlander/Desenvolvimento/ipaam/carteira-de-pesca/frontend/src/store/index.js": {"path":"/home/highlander/Desenvolvimento/ipaam/carteira-de-pesca/frontend/src/store/index.js","statementMap":{"0":{"start":{"line":1,"column":0},"end":{"line":null,"column":-1}},"1":{"start":{"line":2,"column":0},"end":{"line":null,"column":-1}},"2":{"start":{"line":4,"column":0},"end":{"line":null,"column":-1}},"3":{"start":{"line":5,"column":0},"end":{"line":null,"column":-1}},"4":{"start":{"line":7,"column":0},"end":{"line":null,"column":-1}},"5":{"start":{"line":9,"column":14},"end":{"line":9,"column":0}}},"fnMap":{},"branchMap":{"0":{"loc":{"start":{"line":16,"column":19},"end":{"line":16,"column":11}},"type":"cond-expr","locations":[{"start":{"line":16,"column":19},"end":{"line":16,"column":11}},{"start":{"line":16,"column":38},"end":{"line":null,"column":-1}}]}},"s":{"0":0,"1":0,"2":0,"3":0,"4":0,"5":0},"f":{},"b":{"0":[0,0]}}
,"/home/highlander/Desenvolvimento/ipaam/carteira-de-pesca/frontend/src/store/modules/global.js": {"path":"/home/highlander/Desenvolvimento/ipaam/carteira-de-pesca/frontend/src/store/modules/global.js","statementMap":{"0":{"start":{"line":1,"column":22},"end":{"line":1,"column":0}},"1":{"start":{"line":3,"column":21},"end":{"line":3,"column":7}},"2":{"start":{"line":12,"column":23},"end":{"line":12,"column":7}},"3":{"start":{"line":23,"column":23},"end":{"line":23,"column":7}},"4":{"start":{"line":33,"column":25},"end":{"line":33,"column":7}}},"fnMap":{},"branchMap":{},"s":{"0":0,"1":0,"2":0,"3":0,"4":0},"f":{},"b":{}}
,"/home/highlander/Desenvolvimento/ipaam/carteira-de-pesca/frontend/src/utils/registerServiceWorker.js": {"path":"/home/highlander/Desenvolvimento/ipaam/carteira-de-pesca/frontend/src/utils/registerServiceWorker.js","statementMap":{"0":{"start":{"line":3,"column":0},"end":{"line":null,"column":-1}},"1":{"start":{"line":5,"column":0},"end":{"line":28,"column":1}},"2":{"start":{"line":6,"column":2},"end":{"line":null,"column":-1}},"3":{"start":{"line":8,"column":6},"end":{"line":null,"column":-1}},"4":{"start":{"line":14,"column":6},"end":{"line":null,"column":-1}},"5":{"start":{"line":17,"column":6},"end":{"line":null,"column":-1}},"6":{"start":{"line":20,"column":6},"end":{"line":null,"column":-1}},"7":{"start":{"line":25,"column":6},"end":{"line":null,"column":-1}}},"fnMap":{"0":{"name":"ready","decl":{"start":{"line":6,"column":55},"end":{"line":7,"column":11}},"loc":{"start":{"line":7,"column":12},"end":{"line":6,"column":55}}},"1":{"name":"cached","decl":{"start":{"line":6,"column":55},"end":{"line":13,"column":12}},"loc":{"start":{"line":13,"column":13},"end":{"line":6,"column":55}}},"2":{"name":"updated","decl":{"start":{"line":6,"column":55},"end":{"line":16,"column":13}},"loc":{"start":{"line":16,"column":14},"end":{"line":6,"column":55}}},"3":{"name":"offline","decl":{"start":{"line":6,"column":55},"end":{"line":19,"column":13}},"loc":{"start":{"line":19,"column":14},"end":{"line":6,"column":55}}},"4":{"name":"error","decl":{"start":{"line":6,"column":55},"end":{"line":24,"column":9}},"loc":{"start":{"line":24,"column":17},"end":{"line":26,"column":5}}}},"branchMap":{"0":{"loc":{"start":{"line":5,"column":0},"end":{"line":28,"column":1}},"type":"if","locations":[{"start":{"line":5,"column":0},"end":{"line":28,"column":1}},{"start":{"line":5,"column":0},"end":{"line":28,"column":1}}]}},"s":{"0":0,"1":0,"2":0,"3":0,"4":0,"5":0,"6":0,"7":0},"f":{"0":0,"1":0,"2":0,"3":0,"4":0},"b":{"0":[0,0]}}
,"/home/highlander/Desenvolvimento/ipaam/carteira-de-pesca/frontend/src/utils/helpers/logger.js": {"path":"/home/highlander/Desenvolvimento/ipaam/carteira-de-pesca/frontend/src/utils/helpers/logger.js","statementMap":{"0":{"start":{"line":3,"column":0},"end":{"line":null,"column":-1}},"1":{"start":{"line":11,"column":46},"end":{"line":11,"column":45}},"2":{"start":{"line":11,"column":46},"end":{"line":null,"column":-1}},"3":{"start":{"line":7,"column":49},"end":{"line":null,"column":-1}},"4":{"start":{"line":8,"column":54},"end":{"line":null,"column":-1}},"5":{"start":{"line":9,"column":62},"end":{"line":null,"column":-1}},"6":{"start":{"line":12,"column":2},"end":{"line":null,"column":-1}},"7":{"start":{"line":13,"column":20},"end":{"line":13,"column":4}},"8":{"start":{"line":15,"column":4},"end":{"line":null,"column":-1}},"9":{"start":{"line":16,"column":6},"end":{"line":18,"column":7}},"10":{"start":{"line":17,"column":8},"end":{"line":null,"column":-1}},"11":{"start":{"line":19,"column":24},"end":{"line":19,"column":6}},"12":{"start":{"line":21,"column":6},"end":{"line":46,"column":7}},"13":{"start":{"line":22,"column":21},"end":{"line":22,"column":8}},"14":{"start":{"line":23,"column":14},"end":{"line":23,"column":8}},"15":{"start":{"line":24,"column":34},"end":{"line":24,"column":8}},"16":{"start":{"line":25,"column":14},"end":{"line":25,"column":8}},"17":{"start":{"line":26,"column":29},"end":{"line":26,"column":8}},"18":{"start":{"line":31,"column":8},"end":{"line":35,"column":9}},"19":{"start":{"line":32,"column":10},"end":{"line":null,"column":-1}},"20":{"start":{"line":34,"column":10},"end":{"line":null,"column":-1}},"21":{"start":{"line":37,"column":8},"end":{"line":null,"column":-1}},"22":{"start":{"line":38,"column":8},"end":{"line":null,"column":-1}},"23":{"start":{"line":39,"column":8},"end":{"line":null,"column":-1}},"24":{"start":{"line":41,"column":8},"end":{"line":45,"column":9}},"25":{"start":{"line":42,"column":10},"end":{"line":null,"column":-1}},"26":{"start":{"line":44,"column":10},"end":{"line":null,"column":-1}},"27":{"start":{"line":48,"column":6},"end":{"line":null,"column":-1}},"28":{"start":{"line":54,"column":2},"end":{"line":null,"column":-1}},"29":{"start":{"line":58,"column":2},"end":{"line":null,"column":-1}}},"fnMap":{"0":{"name":"createLogger","decl":{"start":{"line":5,"column":24},"end":{"line":5,"column":15}},"loc":{"start":{"line":11,"column":46},"end":{"line":51,"column":1}}},"1":{"name":"(anonymous_1)","decl":{"start":{"line":7,"column":49},"end":{"line":7,"column":49}},"loc":{"start":{"line":7,"column":49},"end":{"line":11,"column":46}}},"2":{"name":"(anonymous_2)","decl":{"start":{"line":8,"column":54},"end":{"line":null,"column":-1}},"loc":{"start":{"line":8,"column":54},"end":{"line":11,"column":46}}},"3":{"name":"(anonymous_3)","decl":{"start":{"line":9,"column":62},"end":{"line":null,"column":-1}},"loc":{"start":{"line":9,"column":62},"end":{"line":11,"column":46}}},"4":{"name":"(anonymous_4)","decl":{"start":{"line":12,"column":9},"end":{"line":12,"column":17}},"loc":{"start":{"line":12,"column":18},"end":{"line":12,"column":2}}},"5":{"name":"(anonymous_5)","decl":{"start":{"line":15,"column":20},"end":{"line":15,"column":20}},"loc":{"start":{"line":15,"column":41},"end":{"line":15,"column":4}}},"6":{"name":"repeat","decl":{"start":{"line":53,"column":9},"end":{"line":53,"column":0}},"loc":{"start":{"line":53,"column":29},"end":{"line":55,"column":1}}},"7":{"name":"pad","decl":{"start":{"line":57,"column":9},"end":{"line":57,"column":0}},"loc":{"start":{"line":57,"column":30},"end":{"line":59,"column":1}}}},"branchMap":{"0":{"loc":{"start":{"line":11,"column":46},"end":{"line":11,"column":41}},"type":"cond-expr","locations":[{"start":{"line":11,"column":46},"end":{"line":11,"column":41}},{"start":{"line":11,"column":42},"end":{"line":11,"column":46}}]},"1":{"loc":{"start":{"line":11,"column":46},"end":{"line":11,"column":41}},"type":"binary-expr","locations":[{"start":{"line":11,"column":46},"end":{"line":11,"column":41}},{"start":{"line":11,"column":46},"end":{"line":11,"column":41}}]},"2":{"loc":{"start":{"line":6,"column":52},"end":{"line":11,"column":46}},"type":"cond-expr","locations":[{"start":{"line":6,"column":52},"end":{"line":11,"column":46}},{"start":{"line":11,"column":46},"end":{"line":null,"column":-1}}]},"3":{"loc":{"start":{"line":7,"column":49},"end":{"line":11,"column":46}},"type":"cond-expr","locations":[{"start":{"line":7,"column":49},"end":{"line":11,"column":46}},{"start":{"line":11,"column":46},"end":{"line":null,"column":-1}}]},"4":{"loc":{"start":{"line":8,"column":54},"end":{"line":11,"column":46}},"type":"cond-expr","locations":[{"start":{"line":8,"column":54},"end":{"line":11,"column":46}},{"start":{"line":11,"column":46},"end":{"line":null,"column":-1}}]},"5":{"loc":{"start":{"line":9,"column":62},"end":{"line":11,"column":46}},"type":"cond-expr","locations":[{"start":{"line":9,"column":62},"end":{"line":11,"column":46}},{"start":{"line":11,"column":46},"end":{"line":null,"column":-1}}]},"6":{"loc":{"start":{"line":10,"column":49},"end":{"line":11,"column":46}},"type":"cond-expr","locations":[{"start":{"line":10,"column":49},"end":{"line":11,"column":46}},{"start":{"line":11,"column":46},"end":{"line":null,"column":-1}}]},"7":{"loc":{"start":{"line":16,"column":6},"end":{"line":18,"column":7}},"type":"if","locations":[{"start":{"line":16,"column":6},"end":{"line":18,"column":7}},{"start":{"line":16,"column":6},"end":{"line":18,"column":7}}]},"8":{"loc":{"start":{"line":21,"column":6},"end":{"line":46,"column":7}},"type":"if","locations":[{"start":{"line":21,"column":6},"end":{"line":46,"column":7}},{"start":{"line":21,"column":6},"end":{"line":46,"column":7}}]},"9":{"loc":{"start":{"line":27,"column":12},"end":{"line":26,"column":29}},"type":"cond-expr","locations":[{"start":{"line":27,"column":12},"end":{"line":26,"column":29}},{"start":{"line":28,"column":12},"end":{"line":26,"column":8}}]}},"s":{"0":0,"1":0,"2":0,"3":0,"4":0,"5":0,"6":0,"7":0,"8":0,"9":0,"10":0,"11":0,"12":0,"13":0,"14":0,"15":0,"16":0,"17":0,"18":0,"19":0,"20":0,"21":0,"22":0,"23":0,"24":0,"25":0,"26":0,"27":0,"28":0,"29":0},"f":{"0":0,"1":0,"2":0,"3":0,"4":0,"5":0,"6":0,"7":0},"b":{"0":[0,0],"1":[0,0],"2":[0,0],"3":[0,0],"4":[0,0],"5":[0,0],"6":[0,0],"7":[0,0],"8":[0,0],"9":[0,0]}}
,"/home/highlander/Desenvolvimento/ipaam/carteira-de-pesca/frontend/src/utils/helpers/util.js": {"path":"/home/highlander/Desenvolvimento/ipaam/carteira-de-pesca/frontend/src/utils/helpers/util.js","statementMap":{"0":{"start":{"line":12,"column":2},"end":{"line":null,"column":-1}},"1":{"start":{"line":24,"column":42},"end":{"line":24,"column":41}},"2":{"start":{"line":26,"column":2},"end":{"line":24,"column":42}},"3":{"start":{"line":27,"column":4},"end":{"line":null,"column":-1}},"4":{"start":{"line":31,"column":14},"end":{"line":31,"column":2}},"5":{"start":{"line":31,"column":26},"end":{"line":null,"column":-1}},"6":{"start":{"line":32,"column":2},"end":{"line":34,"column":3}},"7":{"start":{"line":33,"column":4},"end":{"line":null,"column":-1}},"8":{"start":{"line":36,"column":15},"end":{"line":36,"column":2}},"9":{"start":{"line":38,"column":2},"end":{"line":null,"column":-1}},"10":{"start":{"line":43,"column":2},"end":{"line":null,"column":-1}},"11":{"start":{"line":44,"column":4},"end":{"line":null,"column":-1}},"12":{"start":{"line":47,"column":2},"end":{"line":null,"column":-1}},"13":{"start":{"line":57,"column":2},"end":{"line":null,"column":-1}},"14":{"start":{"line":57,"column":27},"end":{"line":null,"column":-1}},"15":{"start":{"line":67,"column":2},"end":{"line":null,"column":-1}},"16":{"start":{"line":77,"column":2},"end":{"line":null,"column":-1}},"17":{"start":{"line":87,"column":2},"end":{"line":87,"column":18}},"18":{"start":{"line":87,"column":18},"end":{"line":null,"column":-1}}},"fnMap":{"0":{"name":"find","decl":{"start":{"line":11,"column":16},"end":{"line":11,"column":7}},"loc":{"start":{"line":11,"column":30},"end":{"line":13,"column":1}}},"1":{"name":"deepCopy","decl":{"start":{"line":24,"column":16},"end":{"line":24,"column":7}},"loc":{"start":{"line":24,"column":42},"end":{"line":48,"column":1}}},"2":{"name":"(anonymous_2)","decl":{"start":{"line":31,"column":26},"end":{"line":null,"column":-1}},"loc":{"start":{"line":31,"column":26},"end":{"line":31,"column":14}}},"3":{"name":"(anonymous_3)","decl":{"start":{"line":43,"column":27},"end":{"line":43,"column":33}},"loc":{"start":{"line":43,"column":34},"end":{"line":43,"column":2}}},"4":{"name":"forEachValue","decl":{"start":{"line":56,"column":16},"end":{"line":56,"column":7}},"loc":{"start":{"line":56,"column":39},"end":{"line":58,"column":1}}},"5":{"name":"(anonymous_5)","decl":{"start":{"line":57,"column":27},"end":{"line":null,"column":-1}},"loc":{"start":{"line":57,"column":27},"end":{"line":57,"column":2}}},"6":{"name":"isObject","decl":{"start":{"line":66,"column":16},"end":{"line":66,"column":7}},"loc":{"start":{"line":66,"column":31},"end":{"line":68,"column":1}}},"7":{"name":"isPromise","decl":{"start":{"line":76,"column":16},"end":{"line":76,"column":7}},"loc":{"start":{"line":76,"column":31},"end":{"line":78,"column":1}}},"8":{"name":"assert","decl":{"start":{"line":86,"column":16},"end":{"line":86,"column":7}},"loc":{"start":{"line":86,"column":39},"end":{"line":88,"column":1}}}},"branchMap":{"0":{"loc":{"start":{"line":24,"column":42},"end":{"line":24,"column":37}},"type":"cond-expr","locations":[{"start":{"line":24,"column":42},"end":{"line":24,"column":37}},{"start":{"line":24,"column":38},"end":{"line":24,"column":42}}]},"1":{"loc":{"start":{"line":24,"column":42},"end":{"line":24,"column":37}},"type":"binary-expr","locations":[{"start":{"line":24,"column":42},"end":{"line":24,"column":37}},{"start":{"line":24,"column":42},"end":{"line":24,"column":37}}]},"2":{"loc":{"start":{"line":26,"column":2},"end":{"line":24,"column":42}},"type":"if","locations":[{"start":{"line":26,"column":2},"end":{"line":24,"column":42}},{"start":{"line":26,"column":2},"end":{"line":24,"column":42}}]},"3":{"loc":{"start":{"line":26,"column":6},"end":{"line":26,"column":5}},"type":"binary-expr","locations":[{"start":{"line":26,"column":6},"end":{"line":26,"column":5}},{"start":{"line":26,"column":22},"end":{"line":26,"column":2}}]},"4":{"loc":{"start":{"line":32,"column":2},"end":{"line":34,"column":3}},"type":"if","locations":[{"start":{"line":32,"column":2},"end":{"line":34,"column":3}},{"start":{"line":32,"column":2},"end":{"line":34,"column":3}}]},"5":{"loc":{"start":{"line":36,"column":36},"end":{"line":36,"column":15}},"type":"cond-expr","locations":[{"start":{"line":36,"column":36},"end":{"line":36,"column":15}},{"start":{"line":36,"column":41},"end":{"line":36,"column":2}}]},"6":{"loc":{"start":{"line":67,"column":9},"end":{"line":67,"column":8}},"type":"binary-expr","locations":[{"start":{"line":67,"column":9},"end":{"line":67,"column":8}},{"start":{"line":67,"column":25},"end":{"line":67,"column":2}}]},"7":{"loc":{"start":{"line":77,"column":9},"end":{"line":77,"column":15}},"type":"binary-expr","locations":[{"start":{"line":77,"column":9},"end":{"line":77,"column":15}},{"start":{"line":77,"column":16},"end":{"line":77,"column":2}}]},"8":{"loc":{"start":{"line":87,"column":2},"end":{"line":87,"column":18}},"type":"if","locations":[{"start":{"line":87,"column":2},"end":{"line":87,"column":18}},{"start":{"line":87,"column":2},"end":{"line":87,"column":18}}]}},"s":{"0":0,"1":0,"2":0,"3":0,"4":0,"5":0,"6":0,"7":0,"8":0,"9":0,"10":0,"11":0,"12":0,"13":0,"14":0,"15":0,"16":0,"17":0,"18":0},"f":{"0":0,"1":0,"2":0,"3":0,"4":0,"5":0,"6":0,"7":0,"8":0},"b":{"0":[0,0],"1":[0,0],"2":[0,0],"3":[0,0],"4":[0,0],"5":[0,0],"6":[0,0],"7":[0,0],"8":[0,0]}}
}
