TN:
SF:/home/highlander/Desenvolvimento/ipaam/carteira-de-pesca/frontend/src/registerServiceWorker.js
FN:6,ready
FN:6,cached
FN:6,updated
FN:6,offline
FN:6,error
FNF:5
FNH:0
FNDA:0,ready
FNDA:0,cached
FNDA:0,updated
FNDA:0,offline
FNDA:0,error
DA:3,0
DA:5,0
DA:6,0
DA:8,0
DA:14,0
DA:17,0
DA:20,0
DA:25,0
LF:8
LH:0
BRDA:5,0,0,0
BRDA:5,0,1,0
BRF:2
BRH:0
end_of_record
TN:
SF:/home/highlander/Desenvolvimento/ipaam/carteira-de-pesca/frontend/src/components/views/Home.vue
FNF:0
FNH:0
DA:10,0
LF:1
LH:0
BRF:0
BRH:0
end_of_record
TN:
SF:/home/highlander/Desenvolvimento/ipaam/carteira-de-pesca/frontend/src/services/shared/ApiService.js
FN:6,init
FN:6,setHeader
FN:6,(anonymous_2)
FN:6,_callee
FN:28,paramsSerializer
FNF:5
FNH:0
FNDA:0,init
FNDA:0,setHeader
FNDA:0,(anonymous_2)
FNDA:0,_callee
FNDA:0,paramsSerializer
DA:1,0
DA:2,0
DA:3,0
DA:4,0
DA:6,0
DA:11,0
DA:12,0
DA:19,0
DA:28,0
DA:29,0
LF:10
LH:0
BRDA:6,0,0,0
BRDA:6,0,1,0
BRDA:6,0,2,0
BRDA:6,0,3,0
BRDA:6,0,4,0
BRF:5
BRH:0
end_of_record
TN:
SF:/home/highlander/Desenvolvimento/ipaam/carteira-de-pesca/frontend/src/services/shared/HttpException.js
FN:1,init
FN:1,handleError
FN:1,valid
FNF:3
FNH:0
FNDA:0,init
FNDA:0,handleError
FNDA:0,valid
DA:1,0
DA:10,0
DA:11,0
DA:26,0
LF:4
LH:0
BRDA:10,0,0,0
BRDA:10,0,1,0
BRDA:10,1,0,0
BRDA:10,1,1,0
BRDA:26,2,0,0
BRDA:26,2,1,0
BRDA:26,2,2,0
BRF:7
BRH:0
end_of_record
TN:
SF:/home/highlander/Desenvolvimento/ipaam/carteira-de-pesca/frontend/src/store/index.js
FNF:0
FNH:0
DA:1,0
DA:2,0
DA:4,0
LF:3
LH:0
BRF:0
BRH:0
end_of_record
