TN:
SF:/home/highlander/Desenvolvimento/ipaam/carteira-de-pesca/frontend/src/config.js
FNF:0
FNH:0
DA:7,0
LF:1
LH:0
BRF:0
BRH:0
end_of_record
TN:
SF:/home/highlander/Desenvolvimento/ipaam/carteira-de-pesca/frontend/src/components/App.vue
FNF:0
FNH:0
DA:7,1
LF:1
LH:1
BRF:0
BRH:0
end_of_record
TN:
SF:/home/highlander/Desenvolvimento/ipaam/carteira-de-pesca/frontend/src/services/shared/ApiService.js
FN:13,init
FN:13,setHeader
FN:13,(anonymous_2)
FN:13,_callee
FN:42,paramsSerializer
FN:13,_callee2
FN:13,_callee3
FN:13,_callee4
FN:13,_callee5
FN:13,_callee6
FNF:10
FNH:0
FNDA:0,init
FNDA:0,setHeader
FNDA:0,(anonymous_2)
FNDA:0,_callee
FNDA:0,paramsSerializer
FNDA:0,_callee2
FNDA:0,_callee3
FNDA:0,_callee4
FNDA:0,_callee5
FNDA:0,_callee6
DA:1,0
DA:2,0
DA:3,0
DA:4,0
DA:5,0
DA:13,0
DA:18,0
DA:19,0
DA:26,0
DA:42,0
DA:43,0
DA:63,0
LF:12
LH:0
BRDA:13,0,0,0
BRDA:13,0,1,0
BRDA:13,0,2,0
BRDA:13,0,3,0
BRDA:13,0,4,0
BRDA:13,1,0,0
BRDA:13,1,1,0
BRDA:13,2,0,0
BRDA:13,2,1,0
BRF:9
BRH:0
end_of_record
TN:
SF:/home/highlander/Desenvolvimento/ipaam/carteira-de-pesca/frontend/src/services/shared/handling/Exception.js
FN:20,Exception
FNF:1
FNH:0
FNDA:0,Exception
DA:1,0
DA:20,0
DA:22,0
DA:23,0
DA:30,0
DA:31,0
DA:37,0
LF:7
LH:0
BRDA:20,0,0,0
BRDA:20,0,1,0
BRDA:20,1,0,0
BRDA:20,1,1,0
BRDA:30,2,0,0
BRDA:30,2,1,0
BRDA:30,3,0,0
BRDA:30,3,1,0
BRDA:32,4,0,0
BRDA:32,4,1,0
BRDA:33,5,0,0
BRDA:33,5,1,0
BRDA:34,6,0,0
BRDA:34,6,1,0
BRDA:38,7,0,0
BRDA:38,7,1,0
BRDA:38,8,0,0
BRDA:38,8,1,0
BRF:18
BRH:0
end_of_record
TN:
SF:/home/highlander/Desenvolvimento/ipaam/carteira-de-pesca/frontend/src/services/shared/handling/HttpError.js
FNF:0
FNH:0
DA:8,0
LF:1
LH:0
BRF:0
BRH:0
end_of_record
TN:
SF:/home/highlander/Desenvolvimento/ipaam/carteira-de-pesca/frontend/src/services/shared/handling/HttpException.js
FN:11,init
FN:11,handleError
FN:11,handledHttpError
FN:11,generateMessage
FN:11,valid
FNF:5
FNH:0
FNDA:0,init
FNDA:0,handleError
FNDA:0,handledHttpError
FNDA:0,generateMessage
FNDA:0,valid
DA:1,0
DA:2,0
DA:3,0
DA:11,0
DA:20,0
DA:21,0
DA:33,0
DA:34,0
DA:38,0
DA:52,0
DA:64,0
DA:66,0
DA:67,0
DA:68,0
DA:69,0
DA:71,0
DA:83,0
LF:17
LH:0
BRDA:20,0,0,0
BRDA:20,0,1,0
BRDA:20,1,0,0
BRDA:20,1,1,0
BRDA:33,2,0,0
BRDA:33,2,1,0
BRDA:35,3,0,0
BRDA:35,3,1,0
BRDA:66,4,0,0
BRDA:66,4,1,0
BRDA:68,5,0,0
BRDA:68,5,1,0
BRDA:83,6,0,0
BRDA:83,6,1,0
BRDA:83,6,2,0
BRF:15
BRH:0
end_of_record
TN:
SF:/home/highlander/Desenvolvimento/ipaam/carteira-de-pesca/frontend/src/services/shared/handling/Notificator.js
FN:14,show
FN:14,show_duration
FN:14,display_duration_on
FN:14,display_duration_off
FN:14,valid
FN:14,valid_type
FN:14,valid_title
FN:14,valid_message
FNF:8
FNH:0
FNDA:0,show
FNDA:0,show_duration
FNDA:0,display_duration_on
FNDA:0,display_duration_off
FNDA:0,valid
FNDA:0,valid_type
FNDA:0,valid_title
FNDA:0,valid_message
DA:1,0
DA:2,0
DA:6,0
DA:14,0
DA:31,0
DA:33,0
DA:44,0
DA:56,0
DA:72,0
DA:91,0
DA:106,0
DA:120,0
DA:131,0
DA:142,0
LF:14
LH:0
BRDA:31,0,0,0
BRDA:31,0,1,0
BRDA:34,1,0,0
BRDA:34,1,1,0
BRDA:56,2,0,0
BRDA:56,2,1,0
BRDA:107,3,0,0
BRDA:107,3,1,0
BRDA:107,3,2,0
BRF:9
BRH:0
end_of_record
TN:
SF:/home/highlander/Desenvolvimento/ipaam/carteira-de-pesca/frontend/src/store/index.js
FNF:0
FNH:0
DA:1,0
DA:2,0
DA:4,0
DA:5,0
DA:7,0
DA:9,0
LF:6
LH:0
BRDA:16,0,0,0
BRDA:16,0,1,0
BRF:2
BRH:0
end_of_record
TN:
SF:/home/highlander/Desenvolvimento/ipaam/carteira-de-pesca/frontend/src/store/modules/global.js
FNF:0
FNH:0
DA:1,0
DA:3,0
DA:12,0
DA:23,0
DA:33,0
LF:5
LH:0
BRF:0
BRH:0
end_of_record
TN:
SF:/home/highlander/Desenvolvimento/ipaam/carteira-de-pesca/frontend/src/utils/registerServiceWorker.js
FN:6,ready
FN:6,cached
FN:6,updated
FN:6,offline
FN:6,error
FNF:5
FNH:0
FNDA:0,ready
FNDA:0,cached
FNDA:0,updated
FNDA:0,offline
FNDA:0,error
DA:3,0
DA:5,0
DA:6,0
DA:8,0
DA:14,0
DA:17,0
DA:20,0
DA:25,0
LF:8
LH:0
BRDA:5,0,0,0
BRDA:5,0,1,0
BRF:2
BRH:0
end_of_record
TN:
SF:/home/highlander/Desenvolvimento/ipaam/carteira-de-pesca/frontend/src/utils/helpers/logger.js
FN:5,createLogger
FN:7,(anonymous_1)
FN:8,(anonymous_2)
FN:9,(anonymous_3)
FN:12,(anonymous_4)
FN:15,(anonymous_5)
FN:53,repeat
FN:57,pad
FNF:8
FNH:0
FNDA:0,createLogger
FNDA:0,(anonymous_1)
FNDA:0,(anonymous_2)
FNDA:0,(anonymous_3)
FNDA:0,(anonymous_4)
FNDA:0,(anonymous_5)
FNDA:0,repeat
FNDA:0,pad
DA:3,0
DA:7,0
DA:8,0
DA:9,0
DA:11,0
DA:12,0
DA:13,0
DA:15,0
DA:16,0
DA:17,0
DA:19,0
DA:21,0
DA:22,0
DA:23,0
DA:24,0
DA:25,0
DA:26,0
DA:31,0
DA:32,0
DA:34,0
DA:37,0
DA:38,0
DA:39,0
DA:41,0
DA:42,0
DA:44,0
DA:48,0
DA:54,0
DA:58,0
LF:29
LH:0
BRDA:11,0,0,0
BRDA:11,0,1,0
BRDA:11,1,0,0
BRDA:11,1,1,0
BRDA:6,2,0,0
BRDA:6,2,1,0
BRDA:7,3,0,0
BRDA:7,3,1,0
BRDA:8,4,0,0
BRDA:8,4,1,0
BRDA:9,5,0,0
BRDA:9,5,1,0
BRDA:10,6,0,0
BRDA:10,6,1,0
BRDA:16,7,0,0
BRDA:16,7,1,0
BRDA:21,8,0,0
BRDA:21,8,1,0
BRDA:27,9,0,0
BRDA:27,9,1,0
BRF:20
BRH:0
end_of_record
TN:
SF:/home/highlander/Desenvolvimento/ipaam/carteira-de-pesca/frontend/src/utils/helpers/util.js
FN:11,find
FN:24,deepCopy
FN:31,(anonymous_2)
FN:43,(anonymous_3)
FN:56,forEachValue
FN:57,(anonymous_5)
FN:66,isObject
FN:76,isPromise
FN:86,assert
FNF:9
FNH:0
FNDA:0,find
FNDA:0,deepCopy
FNDA:0,(anonymous_2)
FNDA:0,(anonymous_3)
FNDA:0,forEachValue
FNDA:0,(anonymous_5)
FNDA:0,isObject
FNDA:0,isPromise
FNDA:0,assert
DA:12,0
DA:24,0
DA:26,0
DA:27,0
DA:31,0
DA:32,0
DA:33,0
DA:36,0
DA:38,0
DA:43,0
DA:44,0
DA:47,0
DA:57,0
DA:67,0
DA:77,0
DA:87,0
LF:16
LH:0
BRDA:24,0,0,0
BRDA:24,0,1,0
BRDA:24,1,0,0
BRDA:24,1,1,0
BRDA:26,2,0,0
BRDA:26,2,1,0
BRDA:26,3,0,0
BRDA:26,3,1,0
BRDA:32,4,0,0
BRDA:32,4,1,0
BRDA:36,5,0,0
BRDA:36,5,1,0
BRDA:67,6,0,0
BRDA:67,6,1,0
BRDA:77,7,0,0
BRDA:77,7,1,0
BRDA:87,8,0,0
BRDA:87,8,1,0
BRF:18
BRH:0
end_of_record
